#-----------------------------------------------------------
# Vivado v2018.3 (64-bit)
# SW Build 2405991 on Thu Dec  6 23:36:41 MST 2018
# IP Build 2404404 on Fri Dec  7 01:43:56 MST 2018
# Start of session at: Thu Jun 27 18:17:08 2019
# Process ID: 2773823
# Current directory: /home/ramon/wkspace/xdma_1_ex/xdma_1_ex.runs/impl_1
# Command line: vivado -mode tcl -source download.tcl
# Log file: /home/ramon/wkspace/xdma_1_ex/xdma_1_ex.runs/impl_1/vivado.log
# Journal file: /home/ramon/wkspace/xdma_1_ex/xdma_1_ex.runs/impl_1/vivado.jou
#-----------------------------------------------------------
source download.tcl
# open_hw
# connect_hw_server -url 10.68.10.209:3121
INFO: [Labtools 27-2285] Connecting to hw_server url TCP:10.68.10.209:3121
# current_hw_target [get_hw_targets */xilinx_tcf/Digilent/*]
# set_property PARAM.FREQUENCY 15000000 [get_hw_targets */xilinx_tcf/Digilent/*]
# open_hw_target
INFO: [Labtoolstcl 44-466] Opening hw_target 10.68.10.209:3121/xilinx_tcf/Digilent/210203A7C63FA
# set_property PROGRAM.FILE {xilinx_dma_pcie_ep.bit.bit} [lindex [get_hw_devices] 0]
ERROR: [Labtools 27-2149] File xilinx_dma_pcie_ep.bit.bit not found. Check file name and file permissions.
exit
INFO: [Common 17-206] Exiting Vivado at Thu Jun 27 18:17:40 2019...
