
*** Running vivado
    with args -log xilinx_dma_pcie_ep.vds -m64 -product Vivado -mode batch -messageDb vivado.pb -notrace -source xilinx_dma_pcie_ep.tcl


****** Vivado v2018.3 (64-bit)
  **** SW Build 2405991 on Thu Dec  6 23:36:41 MST 2018
  **** IP Build 2404404 on Fri Dec  7 01:43:56 MST 2018
    ** Copyright 1986-2018 Xilinx, Inc. All Rights Reserved.

source xilinx_dma_pcie_ep.tcl -notrace
Command: synth_design -top xilinx_dma_pcie_ep -part xc7vx690tffg1761-2
Starting synth_design
Attempting to get a license for feature 'Synthesis' and/or device 'xc7vx690t'
INFO: [Common 17-349] Got license for feature 'Synthesis' and/or device 'xc7vx690t'
INFO: [Common 17-1223] The version limit for your license is '2019.06' and will expire in 5 days. A version limit expiration means that, although you may be able to continue to use the current version of tools or IP with this license, you will not be eligible for any updates or new releases.
INFO: Launching helper process for spawning children vivado processes
INFO: Helper process launched with PID 1231141 
---------------------------------------------------------------------------------
Starting RTL Elaboration : Time (s): cpu = 00:00:02 ; elapsed = 00:00:03 . Memory (MB): peak = 1530.527 ; gain = 95.996 ; free physical = 53990 ; free virtual = 55613
---------------------------------------------------------------------------------
INFO: [Synth 8-6157] synthesizing module 'xilinx_dma_pcie_ep' [/home/ramon/wkspace/xdma_1_ex/imports/xilinx_dma_pcie_ep.sv:57]
	Parameter PL_LINK_CAP_MAX_LINK_WIDTH bound to: 8 - type: integer 
	Parameter PL_SIM_FAST_LINK_TRAINING bound to: FALSE - type: string 
	Parameter PL_LINK_CAP_MAX_LINK_SPEED bound to: 4 - type: integer 
	Parameter C_DATA_WIDTH bound to: 256 - type: integer 
	Parameter EXT_PIPE_SIM bound to: FALSE - type: string 
	Parameter C_ROOT_PORT bound to: FALSE - type: string 
	Parameter C_DEVICE_NUMBER bound to: 0 - type: integer 
	Parameter AXIS_CCIX_RX_TDATA_WIDTH bound to: 256 - type: integer 
	Parameter AXIS_CCIX_TX_TDATA_WIDTH bound to: 256 - type: integer 
	Parameter AXIS_CCIX_RX_TUSER_WIDTH bound to: 46 - type: integer 
	Parameter AXIS_CCIX_TX_TUSER_WIDTH bound to: 46 - type: integer 
	Parameter USER_CLK_FREQ bound to: 5 - type: integer 
	Parameter TCQ bound to: 1 - type: integer 
	Parameter C_S_AXI_ID_WIDTH bound to: 4 - type: integer 
	Parameter C_M_AXI_ID_WIDTH bound to: 4 - type: integer 
	Parameter C_S_AXI_DATA_WIDTH bound to: 256 - type: integer 
	Parameter C_M_AXI_DATA_WIDTH bound to: 256 - type: integer 
	Parameter C_S_AXI_ADDR_WIDTH bound to: 64 - type: integer 
	Parameter C_M_AXI_ADDR_WIDTH bound to: 64 - type: integer 
	Parameter C_NUM_USR_IRQ bound to: 1 - type: integer 
INFO: [Synth 8-6157] synthesizing module 'IBUFDS_GTE2' [/tools/Xilinx/Vivado/2018.3/scripts/rt/data/unisim_comp.v:20561]
	Parameter CLKCM_CFG bound to: TRUE - type: string 
	Parameter CLKRCV_TRST bound to: TRUE - type: string 
	Parameter CLKSWING_CFG bound to: 2'b11 
INFO: [Synth 8-6155] done synthesizing module 'IBUFDS_GTE2' (1#1) [/tools/Xilinx/Vivado/2018.3/scripts/rt/data/unisim_comp.v:20561]
INFO: [Synth 8-6157] synthesizing module 'IBUF' [/tools/Xilinx/Vivado/2018.3/scripts/rt/data/unisim_comp.v:20408]
	Parameter CAPACITANCE bound to: DONT_CARE - type: string 
	Parameter IBUF_DELAY_VALUE bound to: 0 - type: string 
	Parameter IBUF_LOW_PWR bound to: TRUE - type: string 
	Parameter IFD_DELAY_VALUE bound to: AUTO - type: string 
	Parameter IOSTANDARD bound to: DEFAULT - type: string 
INFO: [Synth 8-6155] done synthesizing module 'IBUF' (2#1) [/tools/Xilinx/Vivado/2018.3/scripts/rt/data/unisim_comp.v:20408]
INFO: [Synth 8-6157] synthesizing module 'OBUF' [/tools/Xilinx/Vivado/2018.3/scripts/rt/data/unisim_comp.v:28230]
	Parameter CAPACITANCE bound to: DONT_CARE - type: string 
	Parameter DRIVE bound to: 12 - type: integer 
	Parameter IOSTANDARD bound to: DEFAULT - type: string 
	Parameter SLEW bound to: SLOW - type: string 
INFO: [Synth 8-6155] done synthesizing module 'OBUF' (3#1) [/tools/Xilinx/Vivado/2018.3/scripts/rt/data/unisim_comp.v:28230]
INFO: [Synth 8-6157] synthesizing module 'xdma_1' [/home/ramon/wkspace/xdma_1_ex/xdma_1_ex.runs/synth_1/.Xil/Vivado-1231031-cad1/realtime/xdma_1_stub.v:6]
INFO: [Synth 8-6155] done synthesizing module 'xdma_1' (4#1) [/home/ramon/wkspace/xdma_1_ex/xdma_1_ex.runs/synth_1/.Xil/Vivado-1231031-cad1/realtime/xdma_1_stub.v:6]
INFO: [Synth 8-6157] synthesizing module 'xdma_app' [/home/ramon/wkspace/xdma_1_ex/imports/xdma_app.v:57]
	Parameter TCQ bound to: 1 - type: integer 
	Parameter C_M_AXI_ID_WIDTH bound to: 4 - type: integer 
	Parameter PL_LINK_CAP_MAX_LINK_WIDTH bound to: 8 - type: integer 
	Parameter C_DATA_WIDTH bound to: 256 - type: integer 
	Parameter C_M_AXI_DATA_WIDTH bound to: 256 - type: integer 
	Parameter C_S_AXI_DATA_WIDTH bound to: 256 - type: integer 
	Parameter C_S_AXIS_DATA_WIDTH bound to: 256 - type: integer 
	Parameter C_M_AXIS_DATA_WIDTH bound to: 256 - type: integer 
	Parameter C_M_AXIS_RQ_USER_WIDTH bound to: 62 - type: integer 
	Parameter C_S_AXIS_CQP_USER_WIDTH bound to: 88 - type: integer 
	Parameter C_M_AXIS_RC_USER_WIDTH bound to: 75 - type: integer 
	Parameter C_S_AXIS_CC_USER_WIDTH bound to: 33 - type: integer 
	Parameter C_S_KEEP_WIDTH bound to: 8 - type: integer 
	Parameter C_M_KEEP_WIDTH bound to: 8 - type: integer 
	Parameter C_XDMA_NUM_CHNL bound to: 1 - type: integer 
INFO: [Synth 8-6157] synthesizing module 'blk_mem_gen_0' [/home/ramon/wkspace/xdma_1_ex/xdma_1_ex.runs/synth_1/.Xil/Vivado-1231031-cad1/realtime/blk_mem_gen_0_stub.v:6]
INFO: [Synth 8-6155] done synthesizing module 'blk_mem_gen_0' (5#1) [/home/ramon/wkspace/xdma_1_ex/xdma_1_ex.runs/synth_1/.Xil/Vivado-1231031-cad1/realtime/blk_mem_gen_0_stub.v:6]
WARNING: [Synth 8-350] instance 'blk_mem_axiLM_inst' of module 'blk_mem_gen_0' requires 21 connections, but only 19 given [/home/ramon/wkspace/xdma_1_ex/imports/xdma_app.v:163]
INFO: [Synth 8-6157] synthesizing module 'blk_mem_gen_1' [/home/ramon/wkspace/xdma_1_ex/xdma_1_ex.runs/synth_1/.Xil/Vivado-1231031-cad1/realtime/blk_mem_gen_1_stub.v:6]
INFO: [Synth 8-6155] done synthesizing module 'blk_mem_gen_1' (6#1) [/home/ramon/wkspace/xdma_1_ex/xdma_1_ex.runs/synth_1/.Xil/Vivado-1231031-cad1/realtime/blk_mem_gen_1_stub.v:6]
WARNING: [Synth 8-350] instance 'blk_mem_xdma_inst' of module 'blk_mem_gen_1' requires 33 connections, but only 31 given [/home/ramon/wkspace/xdma_1_ex/imports/xdma_app.v:185]
INFO: [Synth 8-6155] done synthesizing module 'xdma_app' (7#1) [/home/ramon/wkspace/xdma_1_ex/imports/xdma_app.v:57]
INFO: [Synth 8-6155] done synthesizing module 'xilinx_dma_pcie_ep' (8#1) [/home/ramon/wkspace/xdma_1_ex/imports/xilinx_dma_pcie_ep.sv:57]
WARNING: [Synth 8-3331] design xdma_app has unconnected port s_axi_awaddr[63]
WARNING: [Synth 8-3331] design xdma_app has unconnected port s_axi_awaddr[62]
WARNING: [Synth 8-3331] design xdma_app has unconnected port s_axi_awaddr[61]
WARNING: [Synth 8-3331] design xdma_app has unconnected port s_axi_awaddr[60]
WARNING: [Synth 8-3331] design xdma_app has unconnected port s_axi_awaddr[59]
WARNING: [Synth 8-3331] design xdma_app has unconnected port s_axi_awaddr[58]
WARNING: [Synth 8-3331] design xdma_app has unconnected port s_axi_awaddr[57]
WARNING: [Synth 8-3331] design xdma_app has unconnected port s_axi_awaddr[56]
WARNING: [Synth 8-3331] design xdma_app has unconnected port s_axi_awaddr[55]
WARNING: [Synth 8-3331] design xdma_app has unconnected port s_axi_awaddr[54]
WARNING: [Synth 8-3331] design xdma_app has unconnected port s_axi_awaddr[53]
WARNING: [Synth 8-3331] design xdma_app has unconnected port s_axi_awaddr[52]
WARNING: [Synth 8-3331] design xdma_app has unconnected port s_axi_awaddr[51]
WARNING: [Synth 8-3331] design xdma_app has unconnected port s_axi_awaddr[50]
WARNING: [Synth 8-3331] design xdma_app has unconnected port s_axi_awaddr[49]
WARNING: [Synth 8-3331] design xdma_app has unconnected port s_axi_awaddr[48]
WARNING: [Synth 8-3331] design xdma_app has unconnected port s_axi_awaddr[47]
WARNING: [Synth 8-3331] design xdma_app has unconnected port s_axi_awaddr[46]
WARNING: [Synth 8-3331] design xdma_app has unconnected port s_axi_awaddr[45]
WARNING: [Synth 8-3331] design xdma_app has unconnected port s_axi_awaddr[44]
WARNING: [Synth 8-3331] design xdma_app has unconnected port s_axi_awaddr[43]
WARNING: [Synth 8-3331] design xdma_app has unconnected port s_axi_awaddr[42]
WARNING: [Synth 8-3331] design xdma_app has unconnected port s_axi_awaddr[41]
WARNING: [Synth 8-3331] design xdma_app has unconnected port s_axi_awaddr[40]
WARNING: [Synth 8-3331] design xdma_app has unconnected port s_axi_awaddr[39]
WARNING: [Synth 8-3331] design xdma_app has unconnected port s_axi_awaddr[38]
WARNING: [Synth 8-3331] design xdma_app has unconnected port s_axi_awaddr[37]
WARNING: [Synth 8-3331] design xdma_app has unconnected port s_axi_awaddr[36]
WARNING: [Synth 8-3331] design xdma_app has unconnected port s_axi_awaddr[35]
WARNING: [Synth 8-3331] design xdma_app has unconnected port s_axi_awaddr[34]
WARNING: [Synth 8-3331] design xdma_app has unconnected port s_axi_awaddr[33]
WARNING: [Synth 8-3331] design xdma_app has unconnected port s_axi_awaddr[32]
WARNING: [Synth 8-3331] design xdma_app has unconnected port s_axi_araddr[63]
WARNING: [Synth 8-3331] design xdma_app has unconnected port s_axi_araddr[62]
WARNING: [Synth 8-3331] design xdma_app has unconnected port s_axi_araddr[61]
WARNING: [Synth 8-3331] design xdma_app has unconnected port s_axi_araddr[60]
WARNING: [Synth 8-3331] design xdma_app has unconnected port s_axi_araddr[59]
WARNING: [Synth 8-3331] design xdma_app has unconnected port s_axi_araddr[58]
WARNING: [Synth 8-3331] design xdma_app has unconnected port s_axi_araddr[57]
WARNING: [Synth 8-3331] design xdma_app has unconnected port s_axi_araddr[56]
WARNING: [Synth 8-3331] design xdma_app has unconnected port s_axi_araddr[55]
WARNING: [Synth 8-3331] design xdma_app has unconnected port s_axi_araddr[54]
WARNING: [Synth 8-3331] design xdma_app has unconnected port s_axi_araddr[53]
WARNING: [Synth 8-3331] design xdma_app has unconnected port s_axi_araddr[52]
WARNING: [Synth 8-3331] design xdma_app has unconnected port s_axi_araddr[51]
WARNING: [Synth 8-3331] design xdma_app has unconnected port s_axi_araddr[50]
WARNING: [Synth 8-3331] design xdma_app has unconnected port s_axi_araddr[49]
WARNING: [Synth 8-3331] design xdma_app has unconnected port s_axi_araddr[48]
WARNING: [Synth 8-3331] design xdma_app has unconnected port s_axi_araddr[47]
WARNING: [Synth 8-3331] design xdma_app has unconnected port s_axi_araddr[46]
WARNING: [Synth 8-3331] design xdma_app has unconnected port s_axi_araddr[45]
WARNING: [Synth 8-3331] design xdma_app has unconnected port s_axi_araddr[44]
WARNING: [Synth 8-3331] design xdma_app has unconnected port s_axi_araddr[43]
WARNING: [Synth 8-3331] design xdma_app has unconnected port s_axi_araddr[42]
WARNING: [Synth 8-3331] design xdma_app has unconnected port s_axi_araddr[41]
WARNING: [Synth 8-3331] design xdma_app has unconnected port s_axi_araddr[40]
WARNING: [Synth 8-3331] design xdma_app has unconnected port s_axi_araddr[39]
WARNING: [Synth 8-3331] design xdma_app has unconnected port s_axi_araddr[38]
WARNING: [Synth 8-3331] design xdma_app has unconnected port s_axi_araddr[37]
WARNING: [Synth 8-3331] design xdma_app has unconnected port s_axi_araddr[36]
WARNING: [Synth 8-3331] design xdma_app has unconnected port s_axi_araddr[35]
WARNING: [Synth 8-3331] design xdma_app has unconnected port s_axi_araddr[34]
WARNING: [Synth 8-3331] design xdma_app has unconnected port s_axi_araddr[33]
WARNING: [Synth 8-3331] design xdma_app has unconnected port s_axi_araddr[32]
---------------------------------------------------------------------------------
Finished RTL Elaboration : Time (s): cpu = 00:00:03 ; elapsed = 00:00:04 . Memory (MB): peak = 1576.285 ; gain = 141.754 ; free physical = 54020 ; free virtual = 55643
---------------------------------------------------------------------------------

Report Check Netlist: 
+------+------------------+-------+---------+-------+------------------+
|      |Item              |Errors |Warnings |Status |Description       |
+------+------------------+-------+---------+-------+------------------+
|1     |multi_driven_nets |      0|        0|Passed |Multi driven nets |
+------+------------------+-------+---------+-------+------------------+
---------------------------------------------------------------------------------
Start Handling Custom Attributes
---------------------------------------------------------------------------------
---------------------------------------------------------------------------------
Finished Handling Custom Attributes : Time (s): cpu = 00:00:03 ; elapsed = 00:00:05 . Memory (MB): peak = 1576.285 ; gain = 141.754 ; free physical = 54020 ; free virtual = 55642
---------------------------------------------------------------------------------
---------------------------------------------------------------------------------
Finished RTL Optimization Phase 1 : Time (s): cpu = 00:00:03 ; elapsed = 00:00:05 . Memory (MB): peak = 1576.285 ; gain = 141.754 ; free physical = 54020 ; free virtual = 55642
---------------------------------------------------------------------------------
INFO: [Device 21-403] Loading part xc7vx690tffg1761-2
INFO: [Project 1-570] Preparing netlist for logic optimization

Processing XDC Constraints
Initializing timing engine
Parsing XDC File [/home/ramon/wkspace/xdma_1_ex/xdma_1_ex.srcs/sources_1/ip/xdma_1/xdma_1/xdma_1_in_context.xdc] for cell 'xdma_1_i'
Finished Parsing XDC File [/home/ramon/wkspace/xdma_1_ex/xdma_1_ex.srcs/sources_1/ip/xdma_1/xdma_1/xdma_1_in_context.xdc] for cell 'xdma_1_i'
Parsing XDC File [/home/ramon/wkspace/xdma_1_ex/xdma_1_ex.srcs/sources_1/ip/blk_mem_gen_1/blk_mem_gen_1/blk_mem_gen_1_in_context.xdc] for cell 'xdma_app_i/blk_mem_xdma_inst'
Finished Parsing XDC File [/home/ramon/wkspace/xdma_1_ex/xdma_1_ex.srcs/sources_1/ip/blk_mem_gen_1/blk_mem_gen_1/blk_mem_gen_1_in_context.xdc] for cell 'xdma_app_i/blk_mem_xdma_inst'
Parsing XDC File [/home/ramon/wkspace/xdma_1_ex/xdma_1_ex.srcs/sources_1/ip/blk_mem_gen_0/blk_mem_gen_0/blk_mem_gen_0_in_context.xdc] for cell 'xdma_app_i/blk_mem_axiLM_inst'
Finished Parsing XDC File [/home/ramon/wkspace/xdma_1_ex/xdma_1_ex.srcs/sources_1/ip/blk_mem_gen_0/blk_mem_gen_0/blk_mem_gen_0_in_context.xdc] for cell 'xdma_app_i/blk_mem_axiLM_inst'
Parsing XDC File [/home/ramon/wkspace/xdma_1_ex/imports/xilinx_pcie_xdma_ref_board.xdc]
Finished Parsing XDC File [/home/ramon/wkspace/xdma_1_ex/imports/xilinx_pcie_xdma_ref_board.xdc]
INFO: [Project 1-236] Implementation specific constraints were found while reading constraint file [/home/ramon/wkspace/xdma_1_ex/imports/xilinx_pcie_xdma_ref_board.xdc]. These constraints will be ignored for synthesis but will be used in implementation. Impacted constraints are listed in the file [.Xil/xilinx_dma_pcie_ep_propImpl.xdc].
Resolution: To avoid this warning, move constraints listed in [.Xil/xilinx_dma_pcie_ep_propImpl.xdc] to another XDC file and exclude this new file from synthesis with the used_in_synthesis property (File Properties dialog in GUI) and re-run elaboration/synthesis.
Parsing XDC File [/home/ramon/wkspace/xdma_1_ex/xdma_1_ex.runs/synth_1/dont_touch.xdc]
Finished Parsing XDC File [/home/ramon/wkspace/xdma_1_ex/xdma_1_ex.runs/synth_1/dont_touch.xdc]
Netlist sorting complete. Time (s): cpu = 00:00:00 ; elapsed = 00:00:00 . Memory (MB): peak = 2057.629 ; gain = 0.000 ; free physical = 53586 ; free virtual = 55209
Completed Processing XDC Constraints

Netlist sorting complete. Time (s): cpu = 00:00:00 ; elapsed = 00:00:00 . Memory (MB): peak = 2057.629 ; gain = 0.000 ; free physical = 53586 ; free virtual = 55209
INFO: [Project 1-111] Unisim Transformation Summary:
No Unisim elements were transformed.

Netlist sorting complete. Time (s): cpu = 00:00:00 ; elapsed = 00:00:00 . Memory (MB): peak = 2057.633 ; gain = 0.000 ; free physical = 53586 ; free virtual = 55209
Constraint Validation Runtime : Time (s): cpu = 00:00:00 ; elapsed = 00:00:00 . Memory (MB): peak = 2057.633 ; gain = 0.004 ; free physical = 53586 ; free virtual = 55209
WARNING: [Timing 38-316] Clock period '20.000' specified during out-of-context synthesis of instance 'xdma_app_i/blk_mem_axiLM_inst' at clock pin 's_aclk' is different from the actual clock period '4.000', this can lead to different synthesis results.
WARNING: [Timing 38-316] Clock period '20.000' specified during out-of-context synthesis of instance 'xdma_app_i/blk_mem_xdma_inst' at clock pin 's_aclk' is different from the actual clock period '4.000', this can lead to different synthesis results.
---------------------------------------------------------------------------------
Finished Constraint Validation : Time (s): cpu = 00:00:18 ; elapsed = 00:00:24 . Memory (MB): peak = 2057.633 ; gain = 623.102 ; free physical = 53676 ; free virtual = 55299
---------------------------------------------------------------------------------
---------------------------------------------------------------------------------
Start Loading Part and Timing Information
---------------------------------------------------------------------------------
Loading part: xc7vx690tffg1761-2
---------------------------------------------------------------------------------
Finished Loading Part and Timing Information : Time (s): cpu = 00:00:18 ; elapsed = 00:00:24 . Memory (MB): peak = 2057.633 ; gain = 623.102 ; free physical = 53676 ; free virtual = 55299
---------------------------------------------------------------------------------
---------------------------------------------------------------------------------
Start Applying 'set_property' XDC Constraints
---------------------------------------------------------------------------------
Applied set_property DONT_TOUCH = true for xdma_1_i. (constraint file  auto generated constraint, line ).
Applied set_property DONT_TOUCH = true for xdma_app_i/blk_mem_xdma_inst. (constraint file  auto generated constraint, line ).
Applied set_property DONT_TOUCH = true for xdma_app_i/blk_mem_axiLM_inst. (constraint file  auto generated constraint, line ).
---------------------------------------------------------------------------------
Finished applying 'set_property' XDC Constraints : Time (s): cpu = 00:00:18 ; elapsed = 00:00:24 . Memory (MB): peak = 2057.633 ; gain = 623.102 ; free physical = 53675 ; free virtual = 55298
---------------------------------------------------------------------------------
---------------------------------------------------------------------------------
Finished RTL Optimization Phase 2 : Time (s): cpu = 00:00:18 ; elapsed = 00:00:24 . Memory (MB): peak = 2057.633 ; gain = 623.102 ; free physical = 53675 ; free virtual = 55298
---------------------------------------------------------------------------------

Report RTL Partitions: 
+-+--------------+------------+----------+
| |RTL Partition |Replication |Instances |
+-+--------------+------------+----------+
+-+--------------+------------+----------+
---------------------------------------------------------------------------------
Start RTL Component Statistics 
---------------------------------------------------------------------------------
Detailed RTL Component Info : 
---------------------------------------------------------------------------------
Finished RTL Component Statistics 
---------------------------------------------------------------------------------
---------------------------------------------------------------------------------
Start RTL Hierarchical Component Statistics 
---------------------------------------------------------------------------------
Hierarchical RTL Component report 
---------------------------------------------------------------------------------
Finished RTL Hierarchical Component Statistics
---------------------------------------------------------------------------------
---------------------------------------------------------------------------------
Start Part Resource Summary
---------------------------------------------------------------------------------
Part Resources:
DSPs: 3600 (col length:200)
BRAMs: 2940 (col length: RAMB18 200 RAMB36 100)
---------------------------------------------------------------------------------
Finished Part Resource Summary
---------------------------------------------------------------------------------
---------------------------------------------------------------------------------
Start Cross Boundary and Area Optimization
---------------------------------------------------------------------------------
Warning: Parallel synthesis criteria is not met 
---------------------------------------------------------------------------------
Finished Cross Boundary and Area Optimization : Time (s): cpu = 00:00:18 ; elapsed = 00:00:24 . Memory (MB): peak = 2057.633 ; gain = 623.102 ; free physical = 53654 ; free virtual = 55277
---------------------------------------------------------------------------------

Report RTL Partitions: 
+-+--------------+------------+----------+
| |RTL Partition |Replication |Instances |
+-+--------------+------------+----------+
+-+--------------+------------+----------+
---------------------------------------------------------------------------------
Start Applying XDC Timing Constraints
---------------------------------------------------------------------------------
INFO: [Synth 8-5578] Moved timing constraint from pin 'xdma_1_i/axi_aclk' to pin 'xdma_1_i/bbstub_axi_aclk/O'
INFO: [Synth 8-5819] Moved 1 constraints on hierarchical pins to their respective driving/loading pins
---------------------------------------------------------------------------------
Finished Applying XDC Timing Constraints : Time (s): cpu = 00:00:24 ; elapsed = 00:00:30 . Memory (MB): peak = 2057.633 ; gain = 623.102 ; free physical = 53537 ; free virtual = 55160
---------------------------------------------------------------------------------
---------------------------------------------------------------------------------
Start Timing Optimization
---------------------------------------------------------------------------------
---------------------------------------------------------------------------------
Finished Timing Optimization : Time (s): cpu = 00:00:24 ; elapsed = 00:00:30 . Memory (MB): peak = 2057.633 ; gain = 623.102 ; free physical = 53537 ; free virtual = 55160
---------------------------------------------------------------------------------

Report RTL Partitions: 
+-+--------------+------------+----------+
| |RTL Partition |Replication |Instances |
+-+--------------+------------+----------+
+-+--------------+------------+----------+
---------------------------------------------------------------------------------
Start Technology Mapping
---------------------------------------------------------------------------------
---------------------------------------------------------------------------------
Finished Technology Mapping : Time (s): cpu = 00:00:24 ; elapsed = 00:00:30 . Memory (MB): peak = 2057.633 ; gain = 623.102 ; free physical = 53537 ; free virtual = 55159
---------------------------------------------------------------------------------

Report RTL Partitions: 
+-+--------------+------------+----------+
| |RTL Partition |Replication |Instances |
+-+--------------+------------+----------+
+-+--------------+------------+----------+
---------------------------------------------------------------------------------
Start IO Insertion
---------------------------------------------------------------------------------
---------------------------------------------------------------------------------
Start Flattening Before IO Insertion
---------------------------------------------------------------------------------
---------------------------------------------------------------------------------
Finished Flattening Before IO Insertion
---------------------------------------------------------------------------------
---------------------------------------------------------------------------------
Start Final Netlist Cleanup
---------------------------------------------------------------------------------
---------------------------------------------------------------------------------
Finished Final Netlist Cleanup
---------------------------------------------------------------------------------
---------------------------------------------------------------------------------
Finished IO Insertion : Time (s): cpu = 00:00:25 ; elapsed = 00:00:31 . Memory (MB): peak = 2057.633 ; gain = 623.102 ; free physical = 53536 ; free virtual = 55159
---------------------------------------------------------------------------------

Report Check Netlist: 
+------+------------------+-------+---------+-------+------------------+
|      |Item              |Errors |Warnings |Status |Description       |
+------+------------------+-------+---------+-------+------------------+
|1     |multi_driven_nets |      0|        0|Passed |Multi driven nets |
+------+------------------+-------+---------+-------+------------------+
---------------------------------------------------------------------------------
Start Renaming Generated Instances
---------------------------------------------------------------------------------
---------------------------------------------------------------------------------
Finished Renaming Generated Instances : Time (s): cpu = 00:00:25 ; elapsed = 00:00:31 . Memory (MB): peak = 2057.633 ; gain = 623.102 ; free physical = 53536 ; free virtual = 55159
---------------------------------------------------------------------------------

Report RTL Partitions: 
+-+--------------+------------+----------+
| |RTL Partition |Replication |Instances |
+-+--------------+------------+----------+
+-+--------------+------------+----------+
---------------------------------------------------------------------------------
Start Rebuilding User Hierarchy
---------------------------------------------------------------------------------
---------------------------------------------------------------------------------
Finished Rebuilding User Hierarchy : Time (s): cpu = 00:00:25 ; elapsed = 00:00:31 . Memory (MB): peak = 2057.633 ; gain = 623.102 ; free physical = 53536 ; free virtual = 55159
---------------------------------------------------------------------------------
---------------------------------------------------------------------------------
Start Renaming Generated Ports
---------------------------------------------------------------------------------
---------------------------------------------------------------------------------
Finished Renaming Generated Ports : Time (s): cpu = 00:00:25 ; elapsed = 00:00:31 . Memory (MB): peak = 2057.633 ; gain = 623.102 ; free physical = 53536 ; free virtual = 55159
---------------------------------------------------------------------------------
---------------------------------------------------------------------------------
Start Handling Custom Attributes
---------------------------------------------------------------------------------
---------------------------------------------------------------------------------
Finished Handling Custom Attributes : Time (s): cpu = 00:00:25 ; elapsed = 00:00:31 . Memory (MB): peak = 2057.633 ; gain = 623.102 ; free physical = 53536 ; free virtual = 55159
---------------------------------------------------------------------------------
---------------------------------------------------------------------------------
Start Renaming Generated Nets
---------------------------------------------------------------------------------
---------------------------------------------------------------------------------
Finished Renaming Generated Nets : Time (s): cpu = 00:00:25 ; elapsed = 00:00:31 . Memory (MB): peak = 2057.633 ; gain = 623.102 ; free physical = 53536 ; free virtual = 55159
---------------------------------------------------------------------------------
---------------------------------------------------------------------------------
Start Writing Synthesis Report
---------------------------------------------------------------------------------

Report BlackBoxes: 
+------+--------------+----------+
|      |BlackBox name |Instances |
+------+--------------+----------+
|1     |xdma_1        |         1|
|2     |blk_mem_gen_0 |         1|
|3     |blk_mem_gen_1 |         1|
+------+--------------+----------+

Report Cell Usage: 
+------+--------------+------+
|      |Cell          |Count |
+------+--------------+------+
|1     |blk_mem_gen_0 |     1|
|2     |blk_mem_gen_1 |     1|
|3     |xdma_1        |     1|
|4     |CARRY4        |     7|
|5     |IBUFDS_GTE2   |     1|
|6     |LUT1          |     2|
|7     |FDRE          |    26|
|8     |IBUF          |    19|
|9     |OBUF          |    20|
+------+--------------+------+

Report Instance Areas: 
+------+-------------+---------+------+
|      |Instance     |Module   |Cells |
+------+-------------+---------+------+
|1     |top          |         |  1034|
|2     |  xdma_app_i |xdma_app |   354|
+------+-------------+---------+------+
---------------------------------------------------------------------------------
Finished Writing Synthesis Report : Time (s): cpu = 00:00:25 ; elapsed = 00:00:31 . Memory (MB): peak = 2057.633 ; gain = 623.102 ; free physical = 53536 ; free virtual = 55159
---------------------------------------------------------------------------------
Synthesis finished with 0 errors, 0 critical warnings and 0 warnings.
Synthesis Optimization Runtime : Time (s): cpu = 00:00:12 ; elapsed = 00:00:15 . Memory (MB): peak = 2057.633 ; gain = 141.754 ; free physical = 53593 ; free virtual = 55215
Synthesis Optimization Complete : Time (s): cpu = 00:00:25 ; elapsed = 00:00:31 . Memory (MB): peak = 2057.633 ; gain = 623.102 ; free physical = 53593 ; free virtual = 55215
INFO: [Project 1-571] Translating synthesized netlist
INFO: [Netlist 29-17] Analyzing 7 Unisim elements for replacement
INFO: [Netlist 29-28] Unisim Transformation completed in 0 CPU seconds
INFO: [Project 1-570] Preparing netlist for logic optimization
INFO: [Opt 31-138] Pushed 0 inverter(s) to 0 load pin(s).
Netlist sorting complete. Time (s): cpu = 00:00:00 ; elapsed = 00:00:00 . Memory (MB): peak = 2057.633 ; gain = 0.000 ; free physical = 53519 ; free virtual = 55141
INFO: [Project 1-111] Unisim Transformation Summary:
No Unisim elements were transformed.

INFO: [Common 17-83] Releasing license: Synthesis
31 Infos, 68 Warnings, 0 Critical Warnings and 0 Errors encountered.
synth_design completed successfully
synth_design: Time (s): cpu = 00:00:28 ; elapsed = 00:00:33 . Memory (MB): peak = 2057.633 ; gain = 707.727 ; free physical = 53568 ; free virtual = 55190
Netlist sorting complete. Time (s): cpu = 00:00:00 ; elapsed = 00:00:00.01 . Memory (MB): peak = 2057.633 ; gain = 0.000 ; free physical = 53568 ; free virtual = 55190
WARNING: [Constraints 18-5210] No constraints selected for write.
Resolution: This message can indicate that there are no constraints for the design, or it can indicate that the used_in flags are set such that the constraints are ignored. This later case is used when running synth_design to not write synthesis constraints to the resulting checkpoint. Instead, project constraints are read when the synthesized design is opened.
INFO: [Common 17-1381] The checkpoint '/home/ramon/wkspace/xdma_1_ex/xdma_1_ex.runs/synth_1/xilinx_dma_pcie_ep.dcp' has been generated.
INFO: [runtcl-4] Executing : report_utilization -file xilinx_dma_pcie_ep_utilization_synth.rpt -pb xilinx_dma_pcie_ep_utilization_synth.pb
INFO: [Common 17-206] Exiting Vivado at Tue Jun 25 20:08:30 2019...
